Running: E:\ISE\14.7\ISE_DS\ISE\bin\nt64\unwrapped\fuse.exe -intstyle ise -incremental -lib secureip -o G:/VHDL_CODE/example_session_1/Sequence_Detector/Sequence_detector_TestBench_isim_beh.exe -prj G:/VHDL_CODE/example_session_1/Sequence_Detector/Sequence_detector_TestBench_beh.prj work.Sequence_detector_TestBench 
ISim P.20131013 (signature 0x7708f090)
Number of CPUs detected in this system: 8
Turning on mult-threading, number of parallel sub-compilation jobs: 16 
Determining compilation order of HDL files
Parsing VHDL file "G:/VHDL_CODE/example_session_1/Sequence_Detector/Sequence_Detector.vhd" into library work
Parsing VHDL file "G:/VHDL_CODE/example_session_1/Sequence_Detector/Sequence_detector_TestBench.vhd" into library work
Starting static elaboration
Completed static elaboration
Compiling package standard
Compiling package std_logic_1164
Compiling package numeric_std
Compiling architecture behavioral of entity Sequence_Detector [\Sequence_Detector(('1','0','0',...]
Compiling architecture behavior of entity sequence_detector_testbench
Time Resolution for simulation is 1ps.
Waiting for 1 sub-compilation(s) to finish...
Compiled 6 VHDL Units
Built simulation executable G:/VHDL_CODE/example_session_1/Sequence_Detector/Sequence_detector_TestBench_isim_beh.exe
Fuse Memory Usage: 35400 KB
Fuse CPU Usage: 452 ms
