Running: E:\ISE\14.7\ISE_DS\ISE\bin\nt64\unwrapped\fuse.exe -intstyle ise -incremental -lib secureip -o G:/VHDL_CODE/example_session_1/Multiplexer_4X1/Multiiplexer_4X1_Testbench_isim_beh.exe -prj G:/VHDL_CODE/example_session_1/Multiplexer_4X1/Multiiplexer_4X1_Testbench_beh.prj work.Multiiplexer_4X1_Testbench 
ISim P.20131013 (signature 0x7708f090)
Number of CPUs detected in this system: 8
Turning on mult-threading, number of parallel sub-compilation jobs: 16 
Determining compilation order of HDL files
Parsing VHDL file "G:/VHDL_CODE/example_session_1/Multiplexer_4X1/Multiplexer_4X1.vhd" into library work
Parsing VHDL file "G:/VHDL_CODE/example_session_1/Multiplexer_4X1/Multiiplexer_4X1_Testbench.vhd" into library work
Starting static elaboration
Completed static elaboration
Compiling package standard
Compiling package std_logic_1164
Compiling package numeric_std
Compiling architecture behavioral of entity Multiplexer_4X1 [multiplexer_4x1_default]
Compiling architecture behavior of entity multiiplexer_4x1_testbench
Time Resolution for simulation is 1ps.
Waiting for 1 sub-compilation(s) to finish...
Compiled 6 VHDL Units
Built simulation executable G:/VHDL_CODE/example_session_1/Multiplexer_4X1/Multiiplexer_4X1_Testbench_isim_beh.exe
Fuse Memory Usage: 35436 KB
Fuse CPU Usage: 781 ms
