Running: E:\ISE\14.7\ISE_DS\ISE\bin\nt64\unwrapped\fuse.exe -intstyle ise -incremental -lib secureip -o G:/VHDL_CODE/FFT_4_Point/FFT_4_Point_testbench_isim_beh.exe -prj G:/VHDL_CODE/FFT_4_Point/FFT_4_Point_testbench_beh.prj work.FFT_4_Point_testbench 
ISim P.20131013 (signature 0x7708f090)
Number of CPUs detected in this system: 8
Turning on mult-threading, number of parallel sub-compilation jobs: 16 
Determining compilation order of HDL files
Parsing VHDL file "G:/VHDL_CODE/FFT_4_Point/Butterfly_Block.vhd" into library work
Parsing VHDL file "G:/VHDL_CODE/FFT_4_Point/FFT_4_Point.vhd" into library work
Parsing VHDL file "G:/VHDL_CODE/FFT_4_Point/FFT_4_Point_testbench.vhd" into library work
Starting static elaboration
Completed static elaboration
Compiling package standard
Compiling package std_logic_1164
Compiling package numeric_std
Compiling architecture behavioral of entity Butterfly_Block_FFT [butterfly_block_fft_default]
Compiling architecture behavioral of entity FFT_4_point [fft_4_point_default]
Compiling architecture behavior of entity fft_4_point_testbench
Time Resolution for simulation is 1ps.
Waiting for 1 sub-compilation(s) to finish...
Compiled 8 VHDL Units
Built simulation executable G:/VHDL_CODE/FFT_4_Point/FFT_4_Point_testbench_isim_beh.exe
Fuse Memory Usage: 35652 KB
Fuse CPU Usage: 421 ms
