Running: E:\ISE\14.7\ISE_DS\ISE\bin\nt64\unwrapped\fuse.exe -intstyle ise -incremental -lib secureip -o G:/VHDL_CODE/example_session_1/signed_adder/sigend_adder_TestBench_isim_beh.exe -prj G:/VHDL_CODE/example_session_1/signed_adder/sigend_adder_TestBench_beh.prj work.sigend_adder_TestBench 
ISim P.20131013 (signature 0x7708f090)
Number of CPUs detected in this system: 8
Turning on mult-threading, number of parallel sub-compilation jobs: 16 
Determining compilation order of HDL files
Parsing VHDL file "G:/VHDL_CODE/example_session_1/signed_adder/signed_adder.vhd" into library work
Parsing VHDL file "G:/VHDL_CODE/example_session_1/signed_adder/sigend_adder_TestBench.vhd" into library work
Starting static elaboration
Completed static elaboration
Compiling package standard
Compiling package std_logic_1164
Compiling package numeric_std
Compiling architecture behavioral of entity signed_adder [signed_adder_default]
Compiling architecture behavior of entity sigend_adder_testbench
Time Resolution for simulation is 1ps.
Waiting for 1 sub-compilation(s) to finish...
Compiled 6 VHDL Units
Built simulation executable G:/VHDL_CODE/example_session_1/signed_adder/sigend_adder_TestBench_isim_beh.exe
Fuse Memory Usage: 35504 KB
Fuse CPU Usage: 405 ms
